...found 9 targets...
...updating 3 targets...
common.mkdir libs/config/checks/architecture/bin/gcc-4.4.7
common.mkdir libs/config/checks/architecture/bin/gcc-4.4.7/debug
gcc.compile.c++ libs/config/checks/architecture/bin/gcc-4.4.7/debug/32.o
libs/config/checks/architecture/32.cpp:9: error: size of array 'test' is negative

    "g++"  -ftemplate-depth-128 -O0 -fno-inline -Wall -g -fPIC     -c -o "libs/config/checks/architecture/bin/gcc-4.4.7/debug/32.o" "libs/config/checks/architecture/32.cpp"

...failed gcc.compile.c++ libs/config/checks/architecture/bin/gcc-4.4.7/debug/32.o...
...failed updating 1 target...
...updated 2 targets...
...found 2 targets...
...updating 1 target...
gcc.compile.c++ libs/config/checks/architecture/bin/gcc-4.4.7/debug/64.o
...updated 1 target...
...found 2 targets...
...updating 1 target...
gcc.compile.c++ libs/config/checks/architecture/bin/gcc-4.4.7/debug/arm.o
libs/config/checks/architecture/arm.cpp:13:2: error: #error "Not ARM"

    "g++"  -ftemplate-depth-128 -O0 -fno-inline -Wall -g -fPIC     -c -o "libs/config/checks/architecture/bin/gcc-4.4.7/debug/arm.o" "libs/config/checks/architecture/arm.cpp"

...failed gcc.compile.c++ libs/config/checks/architecture/bin/gcc-4.4.7/debug/arm.o...
...failed updating 1 target...
...found 2 targets...
...updating 1 target...
gcc.compile.c++ libs/config/checks/architecture/bin/gcc-4.4.7/debug/mips1.o
libs/config/checks/architecture/mips1.cpp:10:2: error: #error "Not MIPS1"

    "g++"  -ftemplate-depth-128 -O0 -fno-inline -Wall -g -fPIC     -c -o "libs/config/checks/architecture/bin/gcc-4.4.7/debug/mips1.o" "libs/config/checks/architecture/mips1.cpp"

...failed gcc.compile.c++ libs/config/checks/architecture/bin/gcc-4.4.7/debug/mips1.o...
...failed updating 1 target...
...found 2 targets...
...updating 1 target...
gcc.compile.c++ libs/config/checks/architecture/bin/gcc-4.4.7/debug/power.o
libs/config/checks/architecture/power.cpp:13:2: error: #error "Not PPC"

    "g++"  -ftemplate-depth-128 -O0 -fno-inline -Wall -g -fPIC     -c -o "libs/config/checks/architecture/bin/gcc-4.4.7/debug/power.o" "libs/config/checks/architecture/power.cpp"

...failed gcc.compile.c++ libs/config/checks/architecture/bin/gcc-4.4.7/debug/power.o...
...failed updating 1 target...
...found 2 targets...
...updating 1 target...
gcc.compile.c++ libs/config/checks/architecture/bin/gcc-4.4.7/debug/sparc.o
libs/config/checks/architecture/sparc.cpp:10:2: error: #error "Not SPARC"

    "g++"  -ftemplate-depth-128 -O0 -fno-inline -Wall -g -fPIC     -c -o "libs/config/checks/architecture/bin/gcc-4.4.7/debug/sparc.o" "libs/config/checks/architecture/sparc.cpp"

...failed gcc.compile.c++ libs/config/checks/architecture/bin/gcc-4.4.7/debug/sparc.o...
...failed updating 1 target...
...found 2 targets...
...updating 1 target...
gcc.compile.c++ libs/config/checks/architecture/bin/gcc-4.4.7/debug/x86.o
...updated 1 target...
...found 3 targets...
...updating 3 targets...
common.mkdir bin.v2
link.touch bin.v2/test-symlink-source
link.mklink bin.v2/test-symlink
...updated 3 targets...
...found 97 targets...
...updating 7 targets...
common.mkdir bin.v2/libs
common.mkdir bin.v2/libs/context
common.mkdir bin.v2/libs/context/build
common.mkdir bin.v2/libs/context/build/gcc-4.4.7
common.mkdir bin.v2/libs/context/build/gcc-4.4.7/debug
common.mkdir bin.v2/libs/context/build/gcc-4.4.7/debug/threading-multi
gcc.compile.c++ bin.v2/libs/context/build/gcc-4.4.7/debug/threading-multi/cxx11_hdr_mutex_check.o
libs/context/src/../build/cxx11_hdr_mutex.cpp:9:2: error: #error "C++11 <mutex> is not available."

    "g++"  -ftemplate-depth-128 -O0 -fno-inline -Wall -g -pthread -fPIC -m64  -DBOOST_ALL_NO_LIB=1 -DBOOST_CONTEXT_DYN_LINK=1 -DBOOST_CONTEXT_SOURCE  -I"." -c -o "bin.v2/libs/context/build/gcc-4.4.7/debug/threading-multi/cxx11_hdr_mutex_check.o" "libs/context/src/../build/cxx11_hdr_mutex.cpp"

...failed gcc.compile.c++ bin.v2/libs/context/build/gcc-4.4.7/debug/threading-multi/cxx11_hdr_mutex_check.o...
...failed updating 1 target...
...updated 6 targets...
...patience...
...found 120 targets...
...updating 14 targets...
common.mkdir bin.v2/libs/thread
common.mkdir bin.v2/libs/thread/build
common.mkdir bin.v2/libs/thread/build/gcc-4.4.7
common.mkdir bin.v2/libs/thread/build/gcc-4.4.7/debug
common.mkdir bin.v2/libs/thread/build/gcc-4.4.7/debug/threading-multi
gcc.compile.c++ bin.v2/libs/thread/build/gcc-4.4.7/debug/threading-multi/has_atomic_flag_lockfree_test.o
In file included from ./boost/atomic/detail/atomic_template.hpp:25,
                 from ./boost/atomic/atomic.hpp:22,
                 from libs/thread/src/../build/../../../boost/atomic.hpp:12,
                 from libs/thread/src/../build/has_atomic_flag_lockfree_test.cpp:6:
./boost/atomic/detail/bitwise_cast.hpp: In function 'To boost::atomics::detail::bitwise_cast(const From&) [with To = long unsigned int, From = void*]':
./boost/atomic/detail/atomic_template.hpp:556:   instantiated from here
./boost/atomic/detail/bitwise_cast.hpp:39: warning: missing initializer for member 'boost::atomics::detail::bitwise_cast(const From&) [with To = long unsigned int, From = void*]::<anonymous struct>::to'
./boost/atomic/detail/bitwise_cast.hpp: In function 'To boost::atomics::detail::bitwise_cast(const From&) [with To = void*, From = long unsigned int]':
./boost/atomic/detail/atomic_template.hpp:574:   instantiated from here
./boost/atomic/detail/bitwise_cast.hpp:39: warning: missing initializer for member 'boost::atomics::detail::bitwise_cast(const From&) [with To = void*, From = long unsigned int]::<anonymous struct>::to'
common.mkdir bin.v2/libs/system
common.mkdir bin.v2/libs/system/build
common.mkdir bin.v2/libs/system/build/gcc-4.4.7
common.mkdir bin.v2/libs/system/build/gcc-4.4.7/debug
common.mkdir bin.v2/libs/system/build/gcc-4.4.7/debug/threading-multi
gcc.compile.c++ bin.v2/libs/system/build/gcc-4.4.7/debug/threading-multi/error_code.o
gcc.link.dll bin.v2/libs/system/build/gcc-4.4.7/debug/threading-multi/libboost_system.so.1.61.0
gcc.link bin.v2/libs/thread/build/gcc-4.4.7/debug/threading-multi/has_atomic_flag_lockfree
...updated 14 targets...
...found 22 targets...
...updating 7 targets...
common.mkdir bin.v2/libs/regex
common.mkdir bin.v2/libs/regex/build
common.mkdir bin.v2/libs/regex/build/gcc-4.4.7
common.mkdir bin.v2/libs/regex/build/gcc-4.4.7/debug
gcc.compile.c++ bin.v2/libs/regex/build/gcc-4.4.7/debug/has_icu_test.o
libs/regex/build/has_icu_test.cpp:12:30: error: unicode/uversion.h: No such file or directory
libs/regex/build/has_icu_test.cpp:13:28: error: unicode/utypes.h: No such file or directory
libs/regex/build/has_icu_test.cpp:14:27: error: unicode/uchar.h: No such file or directory
libs/regex/build/has_icu_test.cpp:15:26: error: unicode/coll.h: No such file or directory
libs/regex/build/has_icu_test.cpp: In function 'int main()':
libs/regex/build/has_icu_test.cpp:31: error: 'UErrorCode' was not declared in this scope
libs/regex/build/has_icu_test.cpp:31: error: expected ';' before 'err'
libs/regex/build/has_icu_test.cpp:32: error: 'UChar32' was not declared in this scope
libs/regex/build/has_icu_test.cpp:32: error: expected ';' before 'c'
libs/regex/build/has_icu_test.cpp:33: error: 'c' was not declared in this scope
libs/regex/build/has_icu_test.cpp:34: error: 'err' was not declared in this scope
libs/regex/build/has_icu_test.cpp:35: error: 'U_NAMESPACE_QUALIFIER' was not declared in this scope
libs/regex/build/has_icu_test.cpp:35: error: expected ';' before 'Locale'
libs/regex/build/has_icu_test.cpp:36: error: 'U_NAMESPACE_QUALIFIER' cannot appear in a constant-expression
libs/regex/build/has_icu_test.cpp:36: error: template argument 1 is invalid
libs/regex/build/has_icu_test.cpp:36: error: invalid type in declaration before '(' token
libs/regex/build/has_icu_test.cpp:36: error: expected ')' before 'Collator'
libs/regex/build/has_icu_test.cpp:37: error: 'err' was not declared in this scope
libs/regex/build/has_icu_test.cpp:36: warning: unused variable 'p_col'

    "g++"  -ftemplate-depth-128 -O0 -fno-inline -Wall -pedantic -g -fPIC -m64  -DBOOST_ALL_NO_LIB=1 -DBOOST_HAS_ICU=1  -I"." -c -o "bin.v2/libs/regex/build/gcc-4.4.7/debug/has_icu_test.o" "libs/regex/build/has_icu_test.cpp"

...failed gcc.compile.c++ bin.v2/libs/regex/build/gcc-4.4.7/debug/has_icu_test.o...
...skipped <pbin.v2/libs/regex/build/gcc-4.4.7/debug>has_icu_exe for lack of <pbin.v2/libs/regex/build/gcc-4.4.7/debug>has_icu_test.o...
...skipped <pbin.v2/libs/regex/build/gcc-4.4.7/debug>has_icu.output for lack of <pbin.v2/libs/regex/build/gcc-4.4.7/debug>has_icu_exe...
...failed updating 1 target...
...skipped 2 targets...
...updated 4 targets...
...found 11 targets...
...updating 9 targets...
common.mkdir bin.v2/standalone
common.mkdir bin.v2/standalone/ac
common.mkdir bin.v2/standalone/ac/gcc-4.4.7
common.mkdir bin.v2/standalone/ac/gcc-4.4.7/release
common.mkdir bin.v2/standalone/ac/gcc-4.4.7/release/link-static
common.mkdir bin.v2/standalone/ac/gcc-4.4.7/release/link-static/runtime-link-static
common.mkdir bin.v2/standalone/ac/gcc-4.4.7/release/link-static/runtime-link-static/threading-multi
gcc.compile.c++ bin.v2/standalone/ac/gcc-4.4.7/release/link-static/runtime-link-static/threading-multi/zlib_h.o
...updated 9 targets...
...found 5 targets...
...updating 3 targets...
gcc.compile.c++ bin.v2/standalone/ac/gcc-4.4.7/release/link-static/runtime-link-static/threading-multi/main.o
gcc.link bin.v2/standalone/ac/gcc-4.4.7/release/link-static/runtime-link-static/threading-multi/z
/usr/bin/ld: cannot find -lz
collect2: ld returned 1 exit status

    "g++"    -o "bin.v2/standalone/ac/gcc-4.4.7/release/link-static/runtime-link-static/threading-multi/z" -Wl,--start-group "bin.v2/standalone/ac/gcc-4.4.7/release/link-static/runtime-link-static/threading-multi/main.o"   -lz  -lrt -Wl,--end-group -static -pthread -m64 

...failed gcc.link bin.v2/standalone/ac/gcc-4.4.7/release/link-static/runtime-link-static/threading-multi/z...
...failed updating 1 target...
...updated 2 targets...
...found 1 target...
...updating 1 target...
gcc.link bin.v2/standalone/ac/gcc-4.4.7/release/link-static/runtime-link-static/threading-multi/zlib
/usr/bin/ld: cannot find -lzlib
collect2: ld returned 1 exit status

    "g++"    -o "bin.v2/standalone/ac/gcc-4.4.7/release/link-static/runtime-link-static/threading-multi/zlib" -Wl,--start-group "bin.v2/standalone/ac/gcc-4.4.7/release/link-static/runtime-link-static/threading-multi/main.o"   -lzlib  -lrt -Wl,--end-group -static -pthread -m64 

...failed gcc.link bin.v2/standalone/ac/gcc-4.4.7/release/link-static/runtime-link-static/threading-multi/zlib...
...failed updating 1 target...
...found 1 target...
...updating 1 target...
gcc.link bin.v2/standalone/ac/gcc-4.4.7/release/link-static/runtime-link-static/threading-multi/zll
/usr/bin/ld: cannot find -lzll
collect2: ld returned 1 exit status

    "g++"    -o "bin.v2/standalone/ac/gcc-4.4.7/release/link-static/runtime-link-static/threading-multi/zll" -Wl,--start-group "bin.v2/standalone/ac/gcc-4.4.7/release/link-static/runtime-link-static/threading-multi/main.o"   -lzll  -lrt -Wl,--end-group -static -pthread -m64 

...failed gcc.link bin.v2/standalone/ac/gcc-4.4.7/release/link-static/runtime-link-static/threading-multi/zll...
...failed updating 1 target...
...found 1 target...
...updating 1 target...
gcc.link bin.v2/standalone/ac/gcc-4.4.7/release/link-static/runtime-link-static/threading-multi/zdll
/usr/bin/ld: cannot find -lzdll
collect2: ld returned 1 exit status

    "g++"    -o "bin.v2/standalone/ac/gcc-4.4.7/release/link-static/runtime-link-static/threading-multi/zdll" -Wl,--start-group "bin.v2/standalone/ac/gcc-4.4.7/release/link-static/runtime-link-static/threading-multi/main.o"   -lzdll  -lrt -Wl,--end-group -static -pthread -m64 

...failed gcc.link bin.v2/standalone/ac/gcc-4.4.7/release/link-static/runtime-link-static/threading-multi/zdll...
...failed updating 1 target...
...found 8 targets...
...updating 6 targets...
common.mkdir bin.v2/libs/locale
common.mkdir bin.v2/libs/locale/build
common.mkdir bin.v2/libs/locale/build/gcc-4.4.7
common.mkdir bin.v2/libs/locale/build/gcc-4.4.7/debug
gcc.compile.c++ bin.v2/libs/locale/build/gcc-4.4.7/debug/has_iconv_libc_obj.o
gcc.link bin.v2/libs/locale/build/gcc-4.4.7/debug/has_iconv
...updated 6 targets...
...found 4 targets...
...updating 2 targets...
gcc.compile.c++ bin.v2/libs/locale/build/gcc-4.4.7/debug/has_icu_obj.o
libs/locale/src/../build/has_icu_test.cpp:12:30: error: unicode/uversion.h: No such file or directory
libs/locale/src/../build/has_icu_test.cpp:13:27: error: unicode/locid.h: No such file or directory
libs/locale/src/../build/has_icu_test.cpp:14:28: error: unicode/utypes.h: No such file or directory
libs/locale/src/../build/has_icu_test.cpp:15:27: error: unicode/uchar.h: No such file or directory
libs/locale/src/../build/has_icu_test.cpp:16:26: error: unicode/coll.h: No such file or directory
libs/locale/src/../build/has_icu_test.cpp: In function 'int main()':
libs/locale/src/../build/has_icu_test.cpp:24: error: 'icu' has not been declared
libs/locale/src/../build/has_icu_test.cpp:24: error: expected ';' before 'loc'
libs/locale/src/../build/has_icu_test.cpp:25: error: 'UErrorCode' was not declared in this scope
libs/locale/src/../build/has_icu_test.cpp:25: error: expected ';' before 'err'
libs/locale/src/../build/has_icu_test.cpp:26: error: 'UChar32' was not declared in this scope
libs/locale/src/../build/has_icu_test.cpp:26: error: expected ';' before 'c'
libs/locale/src/../build/has_icu_test.cpp:27: error: 'err' was not declared in this scope

    "g++"  -ftemplate-depth-128 -O0 -fno-inline -Wall -g -fPIC -m64  -DBOOST_ALL_NO_LIB=1  -I"." -c -o "bin.v2/libs/locale/build/gcc-4.4.7/debug/has_icu_obj.o" "libs/locale/src/../build/has_icu_test.cpp"

...failed gcc.compile.c++ bin.v2/libs/locale/build/gcc-4.4.7/debug/has_icu_obj.o...
...skipped <pbin.v2/libs/locale/build/gcc-4.4.7/debug>has_icu for lack of <pbin.v2/libs/locale/build/gcc-4.4.7/debug>has_icu_obj.o...
...failed updating 1 target...
...skipped 1 target...
...found 2 targets...
...updating 2 targets...
gcc.compile.c++ bin.v2/libs/locale/build/gcc-4.4.7/debug/has_icu64_obj.o
libs/locale/src/../build/has_icu_test.cpp:12:30: error: unicode/uversion.h: No such file or directory
libs/locale/src/../build/has_icu_test.cpp:13:27: error: unicode/locid.h: No such file or directory
libs/locale/src/../build/has_icu_test.cpp:14:28: error: unicode/utypes.h: No such file or directory
libs/locale/src/../build/has_icu_test.cpp:15:27: error: unicode/uchar.h: No such file or directory
libs/locale/src/../build/has_icu_test.cpp:16:26: error: unicode/coll.h: No such file or directory
libs/locale/src/../build/has_icu_test.cpp: In function 'int main()':
libs/locale/src/../build/has_icu_test.cpp:24: error: 'icu' has not been declared
libs/locale/src/../build/has_icu_test.cpp:24: error: expected ';' before 'loc'
libs/locale/src/../build/has_icu_test.cpp:25: error: 'UErrorCode' was not declared in this scope
libs/locale/src/../build/has_icu_test.cpp:25: error: expected ';' before 'err'
libs/locale/src/../build/has_icu_test.cpp:26: error: 'UChar32' was not declared in this scope
libs/locale/src/../build/has_icu_test.cpp:26: error: expected ';' before 'c'
libs/locale/src/../build/has_icu_test.cpp:27: error: 'err' was not declared in this scope

    "g++"  -ftemplate-depth-128 -O0 -fno-inline -Wall -g -fPIC -m64  -DBOOST_ALL_NO_LIB=1  -I"." -c -o "bin.v2/libs/locale/build/gcc-4.4.7/debug/has_icu64_obj.o" "libs/locale/src/../build/has_icu_test.cpp"

...failed gcc.compile.c++ bin.v2/libs/locale/build/gcc-4.4.7/debug/has_icu64_obj.o...
...skipped <pbin.v2/libs/locale/build/gcc-4.4.7/debug>has_icu64 for lack of <pbin.v2/libs/locale/build/gcc-4.4.7/debug>has_icu64_obj.o...
...failed updating 1 target...
...skipped 1 target...
...found 8 targets...
...updating 7 targets...
common.mkdir bin.v2/libs/log
common.mkdir bin.v2/libs/log/config
common.mkdir bin.v2/libs/log/config/visibility
common.mkdir bin.v2/libs/log/config/visibility/gcc-4.4.7
common.mkdir bin.v2/libs/log/config/visibility/gcc-4.4.7/debug
common.mkdir bin.v2/libs/log/config/visibility/gcc-4.4.7/debug/pch-off
gcc.compile.c++ bin.v2/libs/log/config/visibility/gcc-4.4.7/debug/pch-off/visibility.o
...updated 7 targets...
...found 7 targets...
...updating 5 targets...
common.mkdir bin.v2/libs/log/config/x86-ext
common.mkdir bin.v2/libs/log/config/x86-ext/gcc-4.4.7
common.mkdir bin.v2/libs/log/config/x86-ext/gcc-4.4.7/debug
common.mkdir bin.v2/libs/log/config/x86-ext/gcc-4.4.7/debug/pch-off
gcc.compile.c++ bin.v2/libs/log/config/x86-ext/gcc-4.4.7/debug/pch-off/ssse3.o
...updated 5 targets...
...found 3 targets...
...updating 1 target...
gcc.compile.c++ bin.v2/libs/log/config/x86-ext/gcc-4.4.7/debug/pch-off/avx2.o
cc1plus: error: unrecognized command line option "-mavx2"
libs/log/config/x86-ext/avx2.cpp:1: error: bad value (core-avx2) for -march= switch
libs/log/config/x86-ext/avx2.cpp:1: error: bad value (core-avx2) for -mtune= switch

    "g++"  -ftemplate-depth-128 -O0 -fno-inline -Wall -g -fPIC -m64 -march=core-avx2 -mavx -mavx2 -fabi-version=0 -DBOOST_ALL_NO_LIB=1  -I"." -c -o "bin.v2/libs/log/config/x86-ext/gcc-4.4.7/debug/pch-off/avx2.o" "libs/log/config/x86-ext/avx2.cpp"

...failed gcc.compile.c++ bin.v2/libs/log/config/x86-ext/gcc-4.4.7/debug/pch-off/avx2.o...
...failed updating 1 target...
...found 6 targets...
...updating 5 targets...
common.mkdir bin.v2/libs/math
common.mkdir bin.v2/libs/math/config
common.mkdir bin.v2/libs/math/config/gcc-4.4.7
common.mkdir bin.v2/libs/math/config/gcc-4.4.7/debug
gcc.compile.c++ bin.v2/libs/math/config/gcc-4.4.7/debug/has_gcc_visibility.o
...updated 5 targets...
...found 136 targets...
...updating 1 target...
gcc.compile.c++ bin.v2/libs/math/config/gcc-4.4.7/debug/has_long_double_support.o
...updated 1 target...
...found 1 target...
...updating 1 target...
config-cache.write bin.v2/project-cache.jam
...updated 1 target...
